### X-Score scoring information
### Created by X-Score on Fri Dec  5 23:51:22 2003

<MOLECULE> 1c14_ligand
<FORMULA> C12H7O2Cl3
<WEIGHT>  289.5
<ATOM> 24
--------------------------------------------------------------
ID   Type     VDW     HB     HP     HM      HS     RT   Score
--------------------------------------------------------------
1    C.ar     37.5    0.0   14.4   0.34    24.7    0.0   0.47
2    C.ar     36.7    0.0    0.0   0.00     0.0    0.0   0.35
3    C.ar     35.5    0.0    0.0   0.00     0.0    0.0   0.34
4    C.ar     35.2    0.0    0.0   0.00     0.0    0.5   0.30
5    C.ar     34.7    0.0    8.4   0.00    22.3    0.0   0.40
6    C.ar     33.2    0.0   12.4   0.34    27.7    0.0   0.45
7    C.ar     27.7    0.0    0.0   0.00     0.0    0.0   0.31
8    C.ar     27.6    0.0    5.4   0.34    23.0    0.0   0.40
9    C.ar     27.0    0.0    0.0   0.00     0.0    0.0   0.31
10   C.ar     29.7    0.0    0.0   0.00     0.0    0.5   0.28
11   C.ar     27.3    0.0   11.5   0.34    27.7    0.0   0.43
12   C.ar     30.1    0.0    9.9   0.34     7.5    0.0   0.41
13   O.3      25.4    0.1    0.0   0.00     0.0    1.0   0.23
14   Cl       33.0    0.0   16.3   0.66    57.2    0.0   0.55
15   Cl       24.3    0.0    8.1   0.66    50.7    0.0   0.48
16   Cl       27.2    0.0    1.1   0.66    55.3    0.0   0.47
17   O.3      22.0    1.0    0.0   0.00     0.0    0.0   0.37
18   H         0.0    0.0    0.0   0.00     0.0    0.0   0.00
19   H         0.0    0.0    0.0   0.00     0.0    0.0   0.00
20   H         0.0    0.0    0.0   0.00     0.0    0.0   0.00
21   H         0.0    0.0    0.0   0.00     0.0    0.0   0.00
22   H         0.0    0.0    0.0   0.00     0.0    0.0   0.00
23   H         0.0    0.0    0.0   0.00     0.0    0.0   0.00
24   H         0.0    0.0    0.0   0.00     0.0    0.0   0.00
--------------------------------------------------------------
Total        514.0    1.1   87.5   3.67   296.2    2.0   6.55
--------------------------------------------------------------

Scoring functions used in computation:

HPSCORE = 3.441 + (0.004)*VDW + (0.054)*HB + (0.009)*HP + (-0.061)*RT =  6.22
HMSCORE = 3.567 + (0.004)*VDW + (0.101)*HB + (0.387)*HM + (-0.097)*RT =  6.96
HSSCORE = 3.328 + (0.004)*VDW + (0.073)*HB + (0.004)*HS + (-0.090)*RT =  6.47

<END>

